Chief. - tired
baaskaT - Ups N Downs
Lesky/M e a d o w - Coda
Gerardo Millán/Enoch - Wherever I Go
Otaku - Resonance (Soul Eater)
Mujo/Hakone - Short Days
Lost Son - Homecoming
The Aether - Always
juniorodeo/Azula/Arbour - Equilibrium
Pantone - Lazy
Elijah Who - loving you
xander./Philip Somber - Somber
Lofi Fruits Music/Tempura/Fets - Take Care Now
Kaspa./Softy - Holding On
Purrple Cat - Alone Time
Chill Beats Music/Loafy Building/ticofaces - Hajamari
b l o o p r - Brainfreezee
Sleep Powder - Eventide
Lofi Radiance/Lofi Hip-Hop Beats/Beats De Rap - Lo-Fi Beats & Instrumentals
zobelini - R U a Wizard?
Spinmont/luvbird - A Winter with U
